<?xml version="1.0" encoding="UTF-8"?>
<testsuite name="Тесты с методом GET" tests="4" skipped="0" failures="0" errors="0" timestamp="2023-03-22T10:01:04" hostname="MacBook-Air-Boris.local" time="0.82">
  <properties/>
  <testcase name="Получение книги по ID" classname="api.GetTest" time="0.112"/>
  <testcase name="Запрос книги с несуществующим ID" classname="api.GetTest" time="0.118"/>
  <testcase name="Запрос ID книги с буквенным значением" classname="api.GetTest" time="0.365"/>
  <testcase name="Получение списка книг" classname="api.GetTest" time="0.205"/>
  <system-out><![CDATA[Request method:	GET
Request URI:	http://localhost:5000/api/books/1
Proxy:			<none>
Request params:	<none>
Query params:	<none>
Form params:	<none>
Path params:	<none>
Headers:		Accept=*/*
				Content-Type=application/json
Cookies:		<none>
Multiparts:		<none>
Body:
2023-03-22 13:01:04 [INFO ] helpers.RequestHelper:sendRequest:47 Response body: {
    "book": {
        "author": "Роберт Мартин",
        "id": 1,
        "isElectronicBook": false,
        "name": "Чистый код",
        "year": 1998
    }
}
Request method:	GET
Request URI:	http://localhost:5000/api/books/1555
Proxy:			<none>
Request params:	<none>
Query params:	<none>
Form params:	<none>
Path params:	<none>
Headers:		Accept=*/*
				Content-Type=application/json
Cookies:		<none>
Multiparts:		<none>
Body:
2023-03-22 13:01:04 [INFO ] helpers.RequestHelper:sendRequest:47 Response body: {
    "error": "Book with id 1555 not found"
}
Request method:	GET
Request URI:	http://localhost:5000/api/books/%3D%3D
Proxy:			<none>
Request params:	<none>
Query params:	<none>
Form params:	<none>
Path params:	<none>
Headers:		Accept=*/*
				Content-Type=application/json
Cookies:		<none>
Multiparts:		<none>
Body:
2023-03-22 13:01:05 [INFO ] helpers.RequestHelper:sendRequest:47 Response body: <html lang="en">
  <head>
    <title>404 Not Found</title>
  </head>
  <body>
    <h1>Not Found</h1>
    <p>The requested URL was not found on the server. If you entered the URL manually please check your spelling and try again.</p>
  </body>
</html>
Request method:	GET
Request URI:	http://localhost:5000/api/books
Proxy:			<none>
Request params:	<none>
Query params:	<none>
Form params:	<none>
Path params:	<none>
Headers:		Accept=*/*
				Content-Type=application/json
Cookies:		<none>
Multiparts:		<none>
Body:
2023-03-22 13:01:05 [INFO ] helpers.RequestHelper:sendRequest:47 Response body: {
    "books": [
        {
            "author": "Роберт Мартин",
            "id": 1,
            "isElectronicBook": false,
            "name": "Чистый код",
            "year": 1998
        },
        {
            "author": "Томас Кормен, Чарльз Лейзерсон",
            "id": 2,
            "isElectronicBook": true,
            "name": "Алгоритмы: построение и анализ",
            "year": 1989
        },
        {
            "author": null,
            "id": 4,
            "isElectronicBook": false,
            "name": "Теория всего",
            "year": 0
        },
        {
            "author": null,
            "id": 5,
            "isElectronicBook": false,
            "name": "Теория всего",
            "year": 0
        },
        {
            "author": "Иван Петров",
            "id": 6,
            "isElectronicBook": false,
            "name": "Рандомная книга",
            "year": 1999
        },
        {
            "author": "Новый автор",
            "id": 7,
            "isElectronicBook": true,
            "name": "Новое имя книги",
            "year": 1800
        },
        {
            "author": "HHHHIII",
            "id": 8,
            "isElectronicBook": false,
            "name": "Рандомная книга",
            "year": -1999
        },
        {
            "author": "HHHHIII",
            "id": 9,
            "isElectronicBook": false,
            "name": "English",
            "year": -1999
        },
        {
            "author": null,
            "id": 10,
            "isElectronicBook": false,
            "name": "Random Book",
            "year": 0
        },
        {
            "author": null,
            "id": 12,
            "isElectronicBook": false,
            "name": "Random Book",
            "year": -1999
        },
        {
            "author": null,
            "id": 13,
            "isElectronicBook": false,
            "name": "Random Book",
            "year": 0
        },
        {
            "author": null,
            "id": 14,
            "isElectronicBook": false,
            "name": "Random Book",
            "year": -1999
        },
        {
            "author": null,
            "id": 15,
            "isElectronicBook": false,
            "name": "Random Book",
            "year": 0
        },
        {
            "author": null,
            "id": 16,
            "isElectronicBook": false,
            "name": "",
            "year": 0
        },
        {
            "author": null,
            "id": 17,
            "isElectronicBook": false,
            "name": "Random Book",
            "year": 0
        },
        {
            "author": "Иван Петров",
            "id": 18,
            "isElectronicBook": true,
            "name": "Рандомная книга",
            "year": 1999
        },
        {
            "author": null,
            "id": 19,
            "isElectronicBook": false,
            "name": "Теория всего",
            "year": 0
        },
        {
            "author": null,
            "id": 20,
            "isElectronicBook": false,
            "name": "Random Book",
            "year": -1999
        },
        {
            "author": null,
            "id": 21,
            "isElectronicBook": false,
            "name": "Random Book",
            "year": 0
        },
        {
            "author": null,
            "id": 22,
            "isElectronicBook": false,
            "name": "",
            "year": 0
        },
        {
            "author": null,
            "id": 23,
            "isElectronicBook": false,
            "name": "Random Book",
            "year": 0
        },
        {
            "author": null,
            "id": 25,
            "isElectronicBook": false,
            "name": "Random Book",
            "year": 0
        },
        {
            "author": null,
            "id": 26,
            "isElectronicBook": false,
            "name": "",
            "year": 0
        },
        {
            "author": null,
            "id": 27,
            "isElectronicBook": false,
            "name": "Random Book",
            "year": 0
        },
        {
            "author": "Иван Петров",
            "id": 28,
            "isElectronicBook": true,
            "name": "Рандомная книга",
            "year": 1999
        },
        {
            "author": null,
            "id": 29,
            "isElectronicBook": false,
            "name": "Теория всего",
            "year": 0
        },
        {
            "author": null,
            "id": 30,
            "isElectronicBook": false,
            "name": "Random Book",
            "year": -1999
        },
        {
            "author": null,
            "id": 31,
            "isElectronicBook": false,
            "name": "Random Book",
            "year": 0
        },
        {
            "author": null,
            "id": 32,
            "isElectronicBook": false,
            "name": "",
            "year": 0
        },
        {
            "author": null,
            "id": 33,
            "isElectronicBook": false,
            "name": "Random Book",
            "year": 0
        },
        {
            "author": "Иван Петров",
            "id": 34,
            "isElectronicBook": true,
            "name": "Рандомная книга",
            "year": 1999
        },
        {
            "author": null,
            "id": 35,
            "isElectronicBook": false,
            "name": "Теория всего",
            "year": 0
        },
        {
            "author": null,
            "id": 36,
            "isElectronicBook": false,
            "name": "Random Book",
            "year": -1999
        },
        {
            "author": null,
            "id": 37,
            "isElectronicBook": false,
            "name": "Random Book",
            "year": 0
        },
        {
            "author": null,
            "id": 38,
            "isElectronicBook": false,
            "name": "",
            "year": 0
        },
        {
            "author": null,
            "id": 39,
            "isElectronicBook": false,
            "name": "Random Book",
            "year": 0
        },
        {
            "author": "Иван Петров",
            "id": 40,
            "isElectronicBook": true,
            "name": "Рандомная книга",
            "year": 1999
        },
        {
            "author": null,
            "id": 41,
            "isElectronicBook": false,
            "name": "Теория всего",
            "year": 0
        },
        {
            "author": null,
            "id": 42,
            "isElectronicBook": false,
            "name": "Random Book",
            "year": -1999
        },
        {
            "author": null,
            "id": 43,
            "isElectronicBook": false,
            "name": "Random Book",
            "year": 0
        },
        {
            "author": null,
            "id": 44,
            "isElectronicBook": false,
            "name": "",
            "year": 0
        },
        {
            "author": "Иван Петров",
            "id": 46,
            "isElectronicBook": true,
            "name": "Рандомная книга",
            "year": 1999
        },
        {
            "author": null,
            "id": 47,
            "isElectronicBook": false,
            "name": "Теория всего",
            "year": 0
        },
        {
            "author": null,
            "id": 48,
            "isElectronicBook": false,
            "name": "Random Book",
            "year": 0
        },
        {
            "author": null,
            "id": 49,
            "isElectronicBook": false,
            "name": "Random Book",
            "year": 0
        },
        {
            "author": "Иван Петров",
            "id": 50,
            "isElectronicBook": true,
            "name": "Рандомная книга",
            "year": 1999
        },
        {
            "author": null,
            "id": 51,
            "isElectronicBook": false,
            "name": "Теория всего",
            "year": 0
        },
        {
            "author": "Иван Петров",
            "id": 52,
            "isElectronicBook": true,
            "name": "Рандомная книга",
            "year": 1999
        },
        {
            "author": null,
            "id": 53,
            "isElectronicBook": false,
            "name": "Random Book",
            "year": 0
        }
    ]
}
]]></system-out>
  <system-err><![CDATA[]]></system-err>
</testsuite>
